<testsuite failures="0" name="src/test/java/FeatureFiles/karate11.feature" skipped="0" tests="1" time="0.040027">
  <testcase classname="src.test.java.FeatureFiles.karate11" name="javascript test case 1" time="0.040027">
    <system-out>* def fn1 = function(){return  123;} ...................................... passed
* def fn2 = ............................................................... passed
* print fn1() ............................................................. passed
* fn2("tanoy") ............................................................ passed</system-out>
  </testcase>
</testsuite>
