<testsuite failures="0" name="src/test/java/FeatureFiles/karate07.feature" skipped="0" tests="1" time="0.550685">
  <testcase classname="src.test.java.FeatureFiles.karate07" name="Rest API testing with JSON" time="0.550685">
    <system-out>Given url "http://dummy.restapiexample.com/api/v1/employees" .............. passed
When method GET ........................................................... passed
Then status 200 ........................................................... passed
* assert responseTime &lt;= 2000 ............................................. passed
* match responseType == 'json' ............................................ passed
* print response .......................................................... passed
* match response.status == "success" ...................................... passed
* match response.status == "#string" ...................................... passed
* match response.data == "#array" ......................................... passed
* print response.data[0].employee.name .................................... passed
* match response.data[0].employee_name contains "Tiger" ................... passed</system-out>
  </testcase>
</testsuite>
