<testsuite failures="0" name="src/test/java/FeatureFiles/callingFeature.feature" skipped="0" tests="1" time="1.196826">
  <testcase classname="src.test.java.FeatureFiles.callingFeature" name="Calling" time="1.196826">
    <system-out>* def result = call read('calledFeature.feature') ......................... passed
* print result ............................................................ passed
* match result.responseType == 'json' ..................................... passed
* match result.responseHeaders.Transfer-Encoding[0] == 'chunked' .......... passed
* match result.response.data[0].name == 'cerulean' ........................ passed</system-out>
  </testcase>
</testsuite>
